<?xml version="1.0" encoding="UTF-8"?>
<!-- Generated by org.testng.reporters.JUnitXMLReporter -->
<testsuite ignored="0" hostname="JCI-MH68" failures="0" tests="3" name="Surefire test" time="29.784" errors="0" timestamp="2023-06-14T11:51:56 IST">
  <testcase classname="com.csm.qa.test.HomePageTest" name="clickOnCMSModule" time="2.15"/>
  <testcase classname="com.csm.qa.test.HomePageTest" name="clickonIDC" time="7.634"/>
  <testcase classname="com.csm.qa.test.LoginPageTest" name="LoginWithValidCredentials" time="5.445"/>
</testsuite> <!-- Surefire test -->
