<?xml version="1.0" encoding="UTF-8"?>
<!-- Generated by org.testng.reporters.JUnitXMLReporter -->
<testsuite ignored="0" hostname="JCI-MH68" failures="0" tests="3" name="Surefire test" time="27.621" errors="0" timestamp="2023-06-12T12:42:44 IST">
  <testcase classname="com.csm.qa.test.HomePageTest" name="clickOnCMSModule" time="2.164"/>
  <testcase classname="com.csm.qa.test.HomePageTest" name="clickonIDC" time="7.293"/>
  <testcase classname="com.csm.qa.test.LoginPageTest" name="LoginWithValidCredentials" time="4.625"/>
</testsuite> <!-- Surefire test -->
