<?xml version="1.0" encoding="UTF-8"?>
<!-- Generated by org.testng.reporters.JUnitXMLReporter -->
<testsuite ignored="0" hostname="JCI-MH68" failures="0" tests="3" name="Default test" time="27.903" errors="0" timestamp="2023-06-15T15:22:19 IST">
  <testcase classname="com.csm.qa.test.LoginPageTest" name="LoginWithValidCredentials" time="5.839"/>
  <testcase classname="com.csm.qa.test.HomePageTest" name="clickOnCMSModule" time="2.125"/>
  <testcase classname="com.csm.qa.test.HomePageTest" name="clickonIDC" time="5.678"/>
</testsuite> <!-- Default test -->
