<?xml version="1.0" encoding="UTF-8"?>
<testsuite xmlns:xsi="http://www.w3.org/2001/XMLSchema-instance" xsi:schemaLocation="https://maven.apache.org/surefire/maven-surefire-plugin/xsd/surefire-test-report.xsd" name="TestSuite" time="23.28" tests="3" errors="0" skipped="0" failures="0">
  <properties>
[...]
</properties>
  <testcase name="clickOnCMSModule" classname="com.csm.qa.test.HomePageTest" time="2.158"/>
  <testcase name="clickonIDC" classname="com.csm.qa.test.HomePageTest" time="6.149"/>
  <testcase name="LoginWithValidCredentials" classname="com.csm.qa.test.LoginPageTest" time="4.476"/>
</testsuite>