<?xml version="1.0" encoding="UTF-8"?>
<testng-results ignored="0" total="3" passed="3" failed="0" skipped="0">
  <reporter-output>
  </reporter-output>
  <suite started-at="2023-06-15T15:09:31 IST" name="Surefire suite" finished-at="2023-06-15T15:10:01 IST" duration-ms="29807">
    <groups>
    </groups>
    <test started-at="2023-06-15T15:09:31 IST" name="Surefire test" finished-at="2023-06-15T15:10:01 IST" duration-ms="29807">
      <class name="com.csm.qa.test.LoginPageTest">
        <test-method is-config="true" signature="setup()[pri:0, instance:com.csm.qa.test.LoginPageTest@6ee12bac]" started-at="2023-06-15T15:09:51 IST" name="setup" finished-at="2023-06-15T15:09:54 IST" duration-ms="2655" status="PASS">
          <reporter-output>
          </reporter-output>
        </test-method> <!-- setup -->
        <test-method signature="LoginWithValidCredentials()[pri:1, instance:com.csm.qa.test.LoginPageTest@6ee12bac]" started-at="2023-06-15T15:09:54 IST" name="LoginWithValidCredentials" finished-at="2023-06-15T15:10:01 IST" duration-ms="6844" status="PASS">
          <reporter-output>
          </reporter-output>
        </test-method> <!-- LoginWithValidCredentials -->
      </class> <!-- com.csm.qa.test.LoginPageTest -->
      <class name="com.csm.qa.test.HomePageTest">
        <test-method is-config="true" signature="setup()[pri:0, instance:com.csm.qa.test.HomePageTest@58134517]" started-at="2023-06-15T15:09:31 IST" name="setup" finished-at="2023-06-15T15:09:37 IST" duration-ms="6652" status="PASS">
          <reporter-output>
          </reporter-output>
        </test-method> <!-- setup -->
        <test-method signature="clickOnCMSModule()[pri:2, instance:com.csm.qa.test.HomePageTest@58134517]" started-at="2023-06-15T15:09:37 IST" name="clickOnCMSModule" finished-at="2023-06-15T15:09:40 IST" duration-ms="2205" status="PASS">
          <reporter-output>
          </reporter-output>
        </test-method> <!-- clickOnCMSModule -->
        <test-method is-config="true" signature="setup()[pri:0, instance:com.csm.qa.test.HomePageTest@58134517]" started-at="2023-06-15T15:09:40 IST" name="setup" finished-at="2023-06-15T15:09:45 IST" duration-ms="5652" status="PASS">
          <reporter-output>
          </reporter-output>
        </test-method> <!-- setup -->
        <test-method signature="clickonIDC()[pri:3, instance:com.csm.qa.test.HomePageTest@58134517]" started-at="2023-06-15T15:09:45 IST" name="clickonIDC" finished-at="2023-06-15T15:09:51 IST" duration-ms="5765" status="PASS">
          <reporter-output>
          </reporter-output>
        </test-method> <!-- clickonIDC -->
      </class> <!-- com.csm.qa.test.HomePageTest -->
    </test> <!-- Surefire test -->
  </suite> <!-- Surefire suite -->
</testng-results>
