<?xml version="1.0" encoding="UTF-8"?>
<testng-results ignored="0" total="3" passed="3" failed="0" skipped="0">
  <reporter-output>
  </reporter-output>
  <suite started-at="2023-06-14T16:18:46 IST" name="Surefire suite" finished-at="2023-06-14T16:19:13 IST" duration-ms="27597">
    <groups>
    </groups>
    <test started-at="2023-06-14T16:18:46 IST" name="Surefire test" finished-at="2023-06-14T16:19:13 IST" duration-ms="27597">
      <class name="com.csm.qa.test.LoginPageTest">
        <test-method is-config="true" signature="setup()[pri:0, instance:com.csm.qa.test.LoginPageTest@6ee12bac]" started-at="2023-06-14T16:19:05 IST" name="setup" finished-at="2023-06-14T16:19:08 IST" duration-ms="2446" status="PASS">
          <reporter-output>
          </reporter-output>
        </test-method> <!-- setup -->
        <test-method signature="LoginWithValidCredentials()[pri:1, instance:com.csm.qa.test.LoginPageTest@6ee12bac]" started-at="2023-06-14T16:19:08 IST" name="LoginWithValidCredentials" finished-at="2023-06-14T16:19:13 IST" duration-ms="5397" status="PASS">
          <reporter-output>
          </reporter-output>
        </test-method> <!-- LoginWithValidCredentials -->
      </class> <!-- com.csm.qa.test.LoginPageTest -->
      <class name="com.csm.qa.test.HomePageTest">
        <test-method is-config="true" signature="setup()[pri:0, instance:com.csm.qa.test.HomePageTest@58134517]" started-at="2023-06-14T16:18:46 IST" name="setup" finished-at="2023-06-14T16:18:52 IST" duration-ms="6403" status="PASS">
          <reporter-output>
          </reporter-output>
        </test-method> <!-- setup -->
        <test-method signature="clickOnCMSModule()[pri:2, instance:com.csm.qa.test.HomePageTest@58134517]" started-at="2023-06-14T16:18:52 IST" name="clickOnCMSModule" finished-at="2023-06-14T16:18:54 IST" duration-ms="2156" status="PASS">
          <reporter-output>
          </reporter-output>
        </test-method> <!-- clickOnCMSModule -->
        <test-method is-config="true" signature="setup()[pri:0, instance:com.csm.qa.test.HomePageTest@58134517]" started-at="2023-06-14T16:18:54 IST" name="setup" finished-at="2023-06-14T16:19:00 IST" duration-ms="5451" status="PASS">
          <reporter-output>
          </reporter-output>
        </test-method> <!-- setup -->
        <test-method signature="clickonIDC()[pri:3, instance:com.csm.qa.test.HomePageTest@58134517]" started-at="2023-06-14T16:19:00 IST" name="clickonIDC" finished-at="2023-06-14T16:19:05 IST" duration-ms="5709" status="PASS">
          <reporter-output>
          </reporter-output>
        </test-method> <!-- clickonIDC -->
      </class> <!-- com.csm.qa.test.HomePageTest -->
    </test> <!-- Surefire test -->
  </suite> <!-- Surefire suite -->
</testng-results>
