<?xml version="1.0" encoding="UTF-8"?>
<testng-results ignored="0" total="3" passed="3" failed="0" skipped="0">
  <reporter-output>
  </reporter-output>
  <suite started-at="2023-06-15T15:21:51 IST" name="Default suite" finished-at="2023-06-15T15:22:19 IST" duration-ms="27903">
    <groups>
    </groups>
    <test started-at="2023-06-15T15:21:51 IST" name="Default test" finished-at="2023-06-15T15:22:19 IST" duration-ms="27903">
      <class name="com.csm.qa.test.LoginPageTest">
        <test-method is-config="true" signature="setup()[pri:0, instance:com.csm.qa.test.LoginPageTest@2b662a77]" started-at="2023-06-15T15:21:51 IST" name="setup" finished-at="2023-06-15T15:21:54 IST" duration-ms="3646" status="PASS">
          <reporter-output>
          </reporter-output>
        </test-method> <!-- setup -->
        <test-method signature="LoginWithValidCredentials()[pri:1, instance:com.csm.qa.test.LoginPageTest@2b662a77]" started-at="2023-06-15T15:21:54 IST" name="LoginWithValidCredentials" finished-at="2023-06-15T15:22:00 IST" duration-ms="5839" status="PASS">
          <reporter-output>
          </reporter-output>
        </test-method> <!-- LoginWithValidCredentials -->
      </class> <!-- com.csm.qa.test.LoginPageTest -->
      <class name="com.csm.qa.test.HomePageTest">
        <test-method is-config="true" signature="setup()[pri:0, instance:com.csm.qa.test.HomePageTest@2a4fb17b]" started-at="2023-06-15T15:22:00 IST" name="setup" finished-at="2023-06-15T15:22:06 IST" duration-ms="5353" status="PASS">
          <reporter-output>
          </reporter-output>
        </test-method> <!-- setup -->
        <test-method signature="clickOnCMSModule()[pri:2, instance:com.csm.qa.test.HomePageTest@2a4fb17b]" started-at="2023-06-15T15:22:06 IST" name="clickOnCMSModule" finished-at="2023-06-15T15:22:08 IST" duration-ms="2125" status="PASS">
          <reporter-output>
          </reporter-output>
        </test-method> <!-- clickOnCMSModule -->
        <test-method is-config="true" signature="setup()[pri:0, instance:com.csm.qa.test.HomePageTest@2a4fb17b]" started-at="2023-06-15T15:22:08 IST" name="setup" finished-at="2023-06-15T15:22:13 IST" duration-ms="5220" status="PASS">
          <reporter-output>
          </reporter-output>
        </test-method> <!-- setup -->
        <test-method signature="clickonIDC()[pri:3, instance:com.csm.qa.test.HomePageTest@2a4fb17b]" started-at="2023-06-15T15:22:13 IST" name="clickonIDC" finished-at="2023-06-15T15:22:19 IST" duration-ms="5678" status="PASS">
          <reporter-output>
          </reporter-output>
        </test-method> <!-- clickonIDC -->
      </class> <!-- com.csm.qa.test.HomePageTest -->
    </test> <!-- Default test -->
  </suite> <!-- Default suite -->
</testng-results>
