<?xml version="1.0" encoding="UTF-8"?>
<!-- Generated by org.testng.reporters.JUnitXMLReporter -->
<testsuite ignored="0" hostname="JCI-MH68" failures="0" tests="3" name="CMS App Test Cases" time="24.499" errors="0" timestamp="2023-06-13T11:54:38 IST">
  <testcase classname="com.csm.qa.test.LoginPageTest" name="LoginWithValidCredentials" time="4.781"/>
  <testcase classname="com.csm.qa.test.HomePageTest" name="clickOnCMSModule" time="2.118"/>
  <testcase classname="com.csm.qa.test.HomePageTest" name="clickonIDC" time="7.224"/>
</testsuite> <!-- CMS App Test Cases -->
