<?xml version="1.0" encoding="UTF-8"?>
<!-- Generated by org.testng.reporters.JUnitXMLReporter -->
<testsuite ignored="0" hostname="JCI-MH68" failures="0" tests="3" name="CMS App Test Cases" time="23.277" errors="0" timestamp="2023-06-09T12:20:24 IST">
  <testcase classname="com.csm.qa.test.LoginPageTest" name="LoginWithValidCredentials" time="4.891"/>
  <testcase classname="com.csm.qa.test.HomePageTest" name="clickOnCMSModule" time="2.105"/>
  <testcase classname="com.csm.qa.test.HomePageTest" name="clickonIDC" time="5.419"/>
</testsuite> <!-- CMS App Test Cases -->
